# JRE version: Java(TM) SE Runtime Environment 18.9 (11.0.7+8) (build 11.0.7+8-LTS)
# Java VM: Java HotSpot(TM) 64-Bit Server VM 18.9 (11.0.7+8-LTS, mixed mode, tiered, compressed oops, g1 gc, windows-amd64)
Heap:
 garbage-first heap   total 157696K, used 31120K [0x0000000081e00000, 0x0000000100000000)
  region size 1024K, 7 young (7168K), 6 survivors (6144K)
 Metaspace       used 34731K, capacity 35971K, committed 36176K, reserved 1081344K
  class space    used 4465K, capacity 4946K, committed 5068K, reserved 1048576K
GC Heap History (10 events):
Event: 2.559 GC heap before
{Heap before GC invocations=6 (full 0):
 garbage-first heap   total 131072K, used 82698K [0x0000000081e00000, 0x0000000100000000)
  region size 1024K, 62 young (63488K), 4 survivors (4096K)
 Metaspace       used 26464K, capacity 27350K, committed 27644K, reserved 1073152K
  class space    used 3247K, capacity 3588K, committed 3660K, reserved 1048576K
}
Event: 2.563 GC heap after
{Heap after GC invocations=7 (full 0):
 garbage-first heap   total 131072K, used 26399K [0x0000000081e00000, 0x0000000100000000)
  region size 1024K, 6 young (6144K), 6 survivors (6144K)
 Metaspace       used 26464K, capacity 27350K, committed 27644K, reserved 1073152K
  class space    used 3247K, capacity 3588K, committed 3660K, reserved 1048576K
}
Event: 3.127 GC heap before
{Heap before GC invocations=7 (full 0):
 garbage-first heap   total 131072K, used 85791K [0x0000000081e00000, 0x0000000100000000)
  region size 1024K, 65 young (66560K), 6 survivors (6144K)
 Metaspace       used 28077K, capacity 29062K, committed 29180K, reserved 1075200K
  class space    used 3470K, capacity 3826K, committed 3916K, reserved 1048576K
}
Event: 3.131 GC heap after
{Heap after GC invocations=8 (full 0):
 garbage-first heap   total 131072K, used 27269K [0x0000000081e00000, 0x0000000100000000)
  region size 1024K, 5 young (5120K), 5 survivors (5120K)
 Metaspace       used 28077K, capacity 29062K, committed 29180K, reserved 1075200K
  class space    used 3470K, capacity 3826K, committed 3916K, reserved 1048576K
}
Event: 3.477 GC heap before
{Heap before GC invocations=8 (full 0):
 garbage-first heap   total 131072K, used 89733K [0x0000000081e00000, 0x0000000100000000)
  region size 1024K, 66 young (67584K), 5 survivors (5120K)
 Metaspace       used 28586K, capacity 29618K, committed 29820K, reserved 1075200K
  class space    used 3549K, capacity 3945K, committed 4044K, reserved 1048576K
}
Event: 3.480 GC heap after
{Heap after GC invocations=9 (full 0):
 garbage-first heap   total 131072K, used 27877K [0x0000000081e00000, 0x0000000100000000)
  region size 1024K, 6 young (6144K), 6 survivors (6144K)
 Metaspace       used 28586K, capacity 29618K, committed 29820K, reserved 1075200K
  class space    used 3549K, capacity 3945K, committed 4044K, reserved 1048576K
}
Event: 4.138 GC heap before
{Heap before GC invocations=9 (full 0):
 garbage-first heap   total 131072K, used 93413K [0x0000000081e00000, 0x0000000100000000)
  region size 1024K, 70 young (71680K), 6 survivors (6144K)
 Metaspace       used 33279K, capacity 34336K, committed 34556K, reserved 1079296K
  class space    used 4214K, capacity 4654K, committed 4684K, reserved 1048576K
}
Event: 4.143 GC heap after
{Heap after GC invocations=10 (full 0):
 garbage-first heap   total 131072K, used 30000K [0x0000000081e00000, 0x0000000100000000)
  region size 1024K, 7 young (7168K), 7 survivors (7168K)
 Metaspace       used 33279K, capacity 34336K, committed 34556K, reserved 1079296K
  class space    used 4214K, capacity 4654K, committed 4684K, reserved 1048576K
}
Event: 4.361 GC heap before
{Heap before GC invocations=10 (full 0):
 garbage-first heap   total 131072K, used 48432K [0x0000000081e00000, 0x0000000100000000)
  region size 1024K, 26 young (26624K), 7 survivors (7168K)
 Metaspace       used 34670K, capacity 35851K, committed 36048K, reserved 1081344K
  class space    used 4450K, capacity 4906K, committed 4940K, reserved 1048576K
}
Event: 4.367 GC heap after
{Heap after GC invocations=11 (full 0):
 garbage-first heap   total 157696K, used 31120K [0x0000000081e00000, 0x0000000100000000)
  region size 1024K, 6 young (6144K), 6 survivors (6144K)
 Metaspace       used 34670K, capacity 35851K, committed 36048K, reserved 1081344K
  class space    used 4450K, capacity 4906K, committed 4940K, reserved 1048576K
}

