# JRE version: Java(TM) SE Runtime Environment 18.9 (11.0.7+8) (build 11.0.7+8-LTS)
# Java VM: Java HotSpot(TM) 64-Bit Server VM 18.9 (11.0.7+8-LTS, mixed mode, tiered, compressed oops, g1 gc, windows-amd64)
Heap:
 garbage-first heap   total 227328K, used 120774K [0x0000000081e00000, 0x0000000100000000)
  region size 1024K, 84 young (86016K), 10 survivors (10240K)
 Metaspace       used 70937K, capacity 72916K, committed 73168K, reserved 1112064K
  class space    used 9296K, capacity 10039K, committed 10060K, reserved 1048576K
GC Heap History (10 events):
Event: 2.567 GC heap before
{Heap before GC invocations=11 (full 0):
 garbage-first heap   total 189440K, used 136666K [0x0000000081e00000, 0x0000000100000000)
  region size 1024K, 109 young (111616K), 5 survivors (5120K)
 Metaspace       used 36407K, capacity 37698K, committed 37840K, reserved 1081344K
  class space    used 4614K, capacity 5116K, committed 5196K, reserved 1048576K
}
Event: 2.572 GC heap after
{Heap after GC invocations=12 (full 0):
 garbage-first heap   total 189440K, used 32761K [0x0000000081e00000, 0x0000000100000000)
  region size 1024K, 7 young (7168K), 7 survivors (7168K)
 Metaspace       used 36407K, capacity 37698K, committed 37840K, reserved 1081344K
  class space    used 4614K, capacity 5116K, committed 5196K, reserved 1048576K
}
Event: 3.105 GC heap before
{Heap before GC invocations=12 (full 0):
 garbage-first heap   total 189440K, used 139257K [0x0000000081e00000, 0x0000000100000000)
  region size 1024K, 111 young (113664K), 7 survivors (7168K)
 Metaspace       used 46251K, capacity 47662K, committed 47824K, reserved 1091584K
  class space    used 5886K, capacity 6446K, committed 6476K, reserved 1048576K
}
Event: 3.111 GC heap after
{Heap after GC invocations=13 (full 0):
 garbage-first heap   total 189440K, used 36172K [0x0000000081e00000, 0x0000000100000000)
  region size 1024K, 10 young (10240K), 10 survivors (10240K)
 Metaspace       used 46251K, capacity 47662K, committed 47824K, reserved 1091584K
  class space    used 5886K, capacity 6446K, committed 6476K, reserved 1048576K
}
Event: 3.457 GC heap before
{Heap before GC invocations=13 (full 0):
 garbage-first heap   total 189440K, used 139596K [0x0000000081e00000, 0x0000000100000000)
  region size 1024K, 111 young (113664K), 10 survivors (10240K)
 Metaspace       used 56806K, capacity 58325K, committed 58448K, reserved 1099776K
  class space    used 7177K, capacity 7782K, committed 7884K, reserved 1048576K
}
Event: 3.465 GC heap after
{Heap after GC invocations=14 (full 0):
 garbage-first heap   total 189440K, used 41353K [0x0000000081e00000, 0x0000000100000000)
  region size 1024K, 11 young (11264K), 11 survivors (11264K)
 Metaspace       used 56806K, capacity 58325K, committed 58448K, reserved 1099776K
  class space    used 7177K, capacity 7782K, committed 7884K, reserved 1048576K
}
Event: 3.530 GC heap before
{Heap before GC invocations=14 (full 0):
 garbage-first heap   total 189440K, used 60809K [0x0000000081e00000, 0x0000000100000000)
  region size 1024K, 31 young (31744K), 11 survivors (11264K)
 Metaspace       used 58639K, capacity 60153K, committed 60240K, reserved 1101824K
  class space    used 7539K, capacity 8110K, committed 8140K, reserved 1048576K
}
Event: 3.537 GC heap after
{Heap after GC invocations=15 (full 0):
 garbage-first heap   total 227328K, used 41966K [0x0000000081e00000, 0x0000000100000000)
  region size 1024K, 6 young (6144K), 6 survivors (6144K)
 Metaspace       used 58639K, capacity 60153K, committed 60240K, reserved 1101824K
  class space    used 7539K, capacity 8110K, committed 8140K, reserved 1048576K
}
Event: 4.393 GC heap before
{Heap before GC invocations=16 (full 0):
 garbage-first heap   total 227328K, used 160750K [0x0000000081e00000, 0x0000000100000000)
  region size 1024K, 122 young (124928K), 6 survivors (6144K)
 Metaspace       used 67058K, capacity 68862K, committed 69072K, reserved 1110016K
  class space    used 8791K, capacity 9510K, committed 9548K, reserved 1048576K
}
Event: 4.401 GC heap after
{Heap after GC invocations=17 (full 0):
 garbage-first heap   total 227328K, used 46022K [0x0000000081e00000, 0x0000000100000000)
  region size 1024K, 10 young (10240K), 10 survivors (10240K)
 Metaspace       used 67058K, capacity 68862K, committed 69072K, reserved 1110016K
  class space    used 8791K, capacity 9510K, committed 9548K, reserved 1048576K
}

