# JRE version: Java(TM) SE Runtime Environment 18.9 (11.0.7+8) (build 11.0.7+8-LTS)
# Java VM: Java HotSpot(TM) 64-Bit Server VM 18.9 (11.0.7+8-LTS, mixed mode, tiered, compressed oops, g1 gc, windows-amd64)
Heap:
 garbage-first heap   total 131072K, used 44678K [0x0000000081e00000, 0x0000000100000000)
  region size 1024K, 7 young (7168K), 4 survivors (4096K)
 Metaspace       used 58892K, capacity 60423K, committed 60632K, reserved 1101824K
  class space    used 7580K, capacity 8152K, committed 8192K, reserved 1048576K
GC Heap History (10 events):
Event: 23.442 GC heap before
{Heap before GC invocations=13 (full 0):
 garbage-first heap   total 131072K, used 96468K [0x0000000081e00000, 0x0000000100000000)
  region size 1024K, 69 young (70656K), 6 survivors (6144K)
 Metaspace       used 36999K, capacity 38276K, committed 38528K, reserved 1083392K
  class space    used 4692K, capacity 5200K, committed 5248K, reserved 1048576K
}
Event: 23.446 GC heap after
{Heap after GC invocations=14 (full 0):
 garbage-first heap   total 131072K, used 33746K [0x0000000081e00000, 0x0000000100000000)
  region size 1024K, 4 young (4096K), 4 survivors (4096K)
 Metaspace       used 36999K, capacity 38276K, committed 38528K, reserved 1083392K
  class space    used 4692K, capacity 5200K, committed 5248K, reserved 1048576K
}
Event: 30.011 GC heap before
{Heap before GC invocations=14 (full 0):
 garbage-first heap   total 131072K, used 100306K [0x0000000081e00000, 0x0000000100000000)
  region size 1024K, 69 young (70656K), 4 survivors (4096K)
 Metaspace       used 43906K, capacity 45285K, committed 45440K, reserved 1089536K
  class space    used 5473K, capacity 6015K, committed 6016K, reserved 1048576K
}
Event: 30.015 GC heap after
{Heap after GC invocations=15 (full 0):
 garbage-first heap   total 131072K, used 36411K [0x0000000081e00000, 0x0000000100000000)
  region size 1024K, 7 young (7168K), 7 survivors (7168K)
 Metaspace       used 43906K, capacity 45285K, committed 45440K, reserved 1089536K
  class space    used 5473K, capacity 6015K, committed 6016K, reserved 1048576K
}
Event: 31.767 GC heap before
{Heap before GC invocations=15 (full 0):
 garbage-first heap   total 131072K, used 101947K [0x0000000081e00000, 0x0000000100000000)
  region size 1024K, 71 young (72704K), 7 survivors (7168K)
 Metaspace       used 51436K, capacity 52946K, committed 53248K, reserved 1095680K
  class space    used 6504K, capacity 7079K, committed 7168K, reserved 1048576K
}
Event: 31.773 GC heap after
{Heap after GC invocations=16 (full 0):
 garbage-first heap   total 131072K, used 38995K [0x0000000081e00000, 0x0000000100000000)
  region size 1024K, 7 young (7168K), 7 survivors (7168K)
 Metaspace       used 51436K, capacity 52946K, committed 53248K, reserved 1095680K
  class space    used 6504K, capacity 7079K, committed 7168K, reserved 1048576K
}
Event: 33.058 GC heap before
{Heap before GC invocations=16 (full 0):
 garbage-first heap   total 131072K, used 102483K [0x0000000081e00000, 0x0000000100000000)
  region size 1024K, 70 young (71680K), 7 survivors (7168K)
 Metaspace       used 58541K, capacity 60058K, committed 60376K, reserved 1101824K
  class space    used 7513K, capacity 8079K, committed 8192K, reserved 1048576K
}
Event: 33.064 GC heap after
{Heap after GC invocations=17 (full 0):
 garbage-first heap   total 131072K, used 42135K [0x0000000081e00000, 0x0000000100000000)
  region size 1024K, 6 young (6144K), 6 survivors (6144K)
 Metaspace       used 58541K, capacity 60058K, committed 60376K, reserved 1101824K
  class space    used 7513K, capacity 8079K, committed 8192K, reserved 1048576K
}
Event: 33.111 GC heap before
{Heap before GC invocations=17 (full 0):
 garbage-first heap   total 131072K, used 48279K [0x0000000081e00000, 0x0000000100000000)
  region size 1024K, 13 young (13312K), 6 survivors (6144K)
 Metaspace       used 58800K, capacity 60292K, committed 60376K, reserved 1101824K
  class space    used 7559K, capacity 8151K, committed 8192K, reserved 1048576K
}
Event: 33.116 GC heap after
{Heap after GC invocations=18 (full 0):
 garbage-first heap   total 131072K, used 42630K [0x0000000081e00000, 0x0000000100000000)
  region size 1024K, 4 young (4096K), 4 survivors (4096K)
 Metaspace       used 58800K, capacity 60292K, committed 60376K, reserved 1101824K
  class space    used 7559K, capacity 8151K, committed 8192K, reserved 1048576K
}

