# JRE version: Java(TM) SE Runtime Environment 18.9 (11.0.7+8) (build 11.0.7+8-LTS)
# Java VM: Java HotSpot(TM) 64-Bit Server VM 18.9 (11.0.7+8-LTS, mixed mode, tiered, compressed oops, g1 gc, windows-amd64)
Heap:
 garbage-first heap   total 227328K, used 50965K [0x0000000081e00000, 0x0000000100000000)
  region size 1024K, 16 young (16384K), 11 survivors (11264K)
 Metaspace       used 68436K, capacity 70350K, committed 70564K, reserved 1110016K
  class space    used 8937K, capacity 9656K, committed 9676K, reserved 1048576K
GC Heap History (10 events):
Event: 2.772 GC heap before
{Heap before GC invocations=11 (full 0):
 garbage-first heap   total 189440K, used 131322K [0x0000000081e00000, 0x0000000100000000)
  region size 1024K, 108 young (110592K), 9 survivors (9216K)
 Metaspace       used 36411K, capacity 37700K, committed 37888K, reserved 1081344K
  class space    used 4614K, capacity 5116K, committed 5120K, reserved 1048576K
}
Event: 2.780 GC heap after
{Heap after GC invocations=12 (full 0):
 garbage-first heap   total 189440K, used 32833K [0x0000000081e00000, 0x0000000100000000)
  region size 1024K, 9 young (9216K), 9 survivors (9216K)
 Metaspace       used 36411K, capacity 37700K, committed 37888K, reserved 1081344K
  class space    used 4614K, capacity 5116K, committed 5120K, reserved 1048576K
}
Event: 3.374 GC heap before
{Heap before GC invocations=12 (full 0):
 garbage-first heap   total 189440K, used 137281K [0x0000000081e00000, 0x0000000100000000)
  region size 1024K, 111 young (113664K), 9 survivors (9216K)
 Metaspace       used 45567K, capacity 46946K, committed 47104K, reserved 1089536K
  class space    used 5815K, capacity 6377K, committed 6400K, reserved 1048576K
}
Event: 3.382 GC heap after
{Heap after GC invocations=13 (full 0):
 garbage-first heap   total 189440K, used 36415K [0x0000000081e00000, 0x0000000100000000)
  region size 1024K, 11 young (11264K), 11 survivors (11264K)
 Metaspace       used 45567K, capacity 46946K, committed 47104K, reserved 1089536K
  class space    used 5815K, capacity 6377K, committed 6400K, reserved 1048576K
}
Event: 3.784 GC heap before
{Heap before GC invocations=13 (full 0):
 garbage-first heap   total 189440K, used 138815K [0x0000000081e00000, 0x0000000100000000)
  region size 1024K, 111 young (113664K), 11 survivors (11264K)
 Metaspace       used 56386K, capacity 57847K, committed 57984K, reserved 1099776K
  class space    used 7097K, capacity 7686K, committed 7808K, reserved 1048576K
}
Event: 3.793 GC heap after
{Heap after GC invocations=14 (full 0):
 garbage-first heap   total 189440K, used 41304K [0x0000000081e00000, 0x0000000100000000)
  region size 1024K, 11 young (11264K), 11 survivors (11264K)
 Metaspace       used 56386K, capacity 57847K, committed 57984K, reserved 1099776K
  class space    used 7097K, capacity 7686K, committed 7808K, reserved 1048576K
}
Event: 3.878 GC heap before
{Heap before GC invocations=14 (full 0):
 garbage-first heap   total 189440K, used 69976K [0x0000000081e00000, 0x0000000100000000)
  region size 1024K, 40 young (40960K), 11 survivors (11264K)
 Metaspace       used 58893K, capacity 60341K, committed 60376K, reserved 1101824K
  class space    used 7579K, capacity 8173K, committed 8192K, reserved 1048576K
}
Event: 3.886 GC heap after
{Heap after GC invocations=15 (full 0):
 garbage-first heap   total 227328K, used 41889K [0x0000000081e00000, 0x0000000100000000)
  region size 1024K, 6 young (6144K), 6 survivors (6144K)
 Metaspace       used 58893K, capacity 60341K, committed 60376K, reserved 1101824K
  class space    used 7579K, capacity 8173K, committed 8192K, reserved 1048576K
}
Event: 4.900 GC heap before
{Heap before GC invocations=16 (full 0):
 garbage-first heap   total 227328K, used 168865K [0x0000000081e00000, 0x0000000100000000)
  region size 1024K, 131 young (134144K), 6 survivors (6144K)
 Metaspace       used 68301K, capacity 70192K, committed 70308K, reserved 1110016K
  class space    used 8923K, capacity 9647K, committed 9676K, reserved 1048576K
}
Event: 4.909 GC heap after
{Heap after GC invocations=17 (full 0):
 garbage-first heap   total 227328K, used 46869K [0x0000000081e00000, 0x0000000100000000)
  region size 1024K, 11 young (11264K), 11 survivors (11264K)
 Metaspace       used 68301K, capacity 70192K, committed 70308K, reserved 1110016K
  class space    used 8923K, capacity 9647K, committed 9676K, reserved 1048576K
}

