# JRE version: Java(TM) SE Runtime Environment 18.9 (11.0.7+8) (build 11.0.7+8-LTS)
# Java VM: Java HotSpot(TM) 64-Bit Server VM 18.9 (11.0.7+8-LTS, mixed mode, tiered, compressed oops, g1 gc, windows-amd64)
Heap:
 garbage-first heap   total 227328K, used 48499K [0x0000000081e00000, 0x0000000100000000)
  region size 1024K, 13 young (13312K), 10 survivors (10240K)
 Metaspace       used 66217K, capacity 68012K, committed 68176K, reserved 1107968K
  class space    used 8685K, capacity 9376K, committed 9420K, reserved 1048576K
GC Heap History (10 events):
Event: 2.505 GC heap before
{Heap before GC invocations=11 (full 0):
 garbage-first heap   total 189440K, used 133856K [0x0000000081e00000, 0x0000000100000000)
  region size 1024K, 109 young (111616K), 8 survivors (8192K)
 Metaspace       used 36410K, capacity 37698K, committed 37840K, reserved 1081344K
  class space    used 4614K, capacity 5116K, committed 5196K, reserved 1048576K
}
Event: 2.511 GC heap after
{Heap after GC invocations=12 (full 0):
 garbage-first heap   total 189440K, used 33170K [0x0000000081e00000, 0x0000000100000000)
  region size 1024K, 9 young (9216K), 9 survivors (9216K)
 Metaspace       used 36410K, capacity 37698K, committed 37840K, reserved 1081344K
  class space    used 4614K, capacity 5116K, committed 5196K, reserved 1048576K
}
Event: 3.036 GC heap before
{Heap before GC invocations=12 (full 0):
 garbage-first heap   total 189440K, used 137618K [0x0000000081e00000, 0x0000000100000000)
  region size 1024K, 111 young (113664K), 9 survivors (9216K)
 Metaspace       used 45638K, capacity 46944K, committed 47056K, reserved 1089536K
  class space    used 5828K, capacity 6377K, committed 6476K, reserved 1048576K
}
Event: 3.043 GC heap after
{Heap after GC invocations=13 (full 0):
 garbage-first heap   total 189440K, used 36469K [0x0000000081e00000, 0x0000000100000000)
  region size 1024K, 10 young (10240K), 10 survivors (10240K)
 Metaspace       used 45638K, capacity 46944K, committed 47056K, reserved 1089536K
  class space    used 5828K, capacity 6377K, committed 6476K, reserved 1048576K
}
Event: 3.380 GC heap before
{Heap before GC invocations=13 (full 0):
 garbage-first heap   total 189440K, used 139893K [0x0000000081e00000, 0x0000000100000000)
  region size 1024K, 111 young (113664K), 10 survivors (10240K)
 Metaspace       used 56061K, capacity 57557K, committed 57808K, reserved 1099776K
  class space    used 7095K, capacity 7654K, committed 7756K, reserved 1048576K
}
Event: 3.388 GC heap after
{Heap after GC invocations=14 (full 0):
 garbage-first heap   total 189440K, used 41207K [0x0000000081e00000, 0x0000000100000000)
  region size 1024K, 12 young (12288K), 12 survivors (12288K)
 Metaspace       used 56061K, capacity 57557K, committed 57808K, reserved 1099776K
  class space    used 7095K, capacity 7654K, committed 7756K, reserved 1048576K
}
Event: 3.473 GC heap before
{Heap before GC invocations=14 (full 0):
 garbage-first heap   total 189440K, used 67831K [0x0000000081e00000, 0x0000000100000000)
  region size 1024K, 39 young (39936K), 12 survivors (12288K)
 Metaspace       used 58674K, capacity 60153K, committed 60240K, reserved 1101824K
  class space    used 7559K, capacity 8110K, committed 8140K, reserved 1048576K
}
Event: 3.483 GC heap after
{Heap after GC invocations=15 (full 0):
 garbage-first heap   total 227328K, used 42638K [0x0000000081e00000, 0x0000000100000000)
  region size 1024K, 7 young (7168K), 7 survivors (7168K)
 Metaspace       used 58674K, capacity 60153K, committed 60240K, reserved 1101824K
  class space    used 7559K, capacity 8110K, committed 8140K, reserved 1048576K
}
Event: 4.269 GC heap before
{Heap before GC invocations=16 (full 0):
 garbage-first heap   total 227328K, used 149134K [0x0000000081e00000, 0x0000000100000000)
  region size 1024K, 111 young (113664K), 7 survivors (7168K)
 Metaspace       used 65884K, capacity 67660K, committed 67920K, reserved 1107968K
  class space    used 8651K, capacity 9344K, committed 9420K, reserved 1048576K
}
Event: 4.277 GC heap after
{Heap after GC invocations=17 (full 0):
 garbage-first heap   total 227328K, used 46451K [0x0000000081e00000, 0x0000000100000000)
  region size 1024K, 10 young (10240K), 10 survivors (10240K)
 Metaspace       used 65884K, capacity 67660K, committed 67920K, reserved 1107968K
  class space    used 8651K, capacity 9344K, committed 9420K, reserved 1048576K
}

