# JRE version: Java(TM) SE Runtime Environment 18.9 (11.0.7+8) (build 11.0.7+8-LTS)
# Java VM: Java HotSpot(TM) 64-Bit Server VM 18.9 (11.0.7+8-LTS, mixed mode, tiered, compressed oops, g1 gc, windows-amd64)
Heap:
 garbage-first heap   total 157696K, used 35897K [0x0000000081e00000, 0x0000000100000000)
  region size 1024K, 7 young (7168K), 5 survivors (5120K)
 Metaspace       used 34951K, capacity 35997K, committed 36096K, reserved 1081344K
  class space    used 4410K, capacity 4836K, committed 4864K, reserved 1048576K
GC Heap History (10 events):
Event: 1.086 GC heap before
{Heap before GC invocations=3 (full 0):
 garbage-first heap   total 131072K, used 55351K [0x0000000081e00000, 0x0000000100000000)
  region size 1024K, 37 young (37888K), 3 survivors (3072K)
 Metaspace       used 18416K, capacity 19021K, committed 19200K, reserved 1067008K
  class space    used 2052K, capacity 2253K, committed 2304K, reserved 1048576K
}
Event: 1.089 GC heap after
{Heap after GC invocations=4 (full 0):
 garbage-first heap   total 131072K, used 22620K [0x0000000081e00000, 0x0000000100000000)
  region size 1024K, 4 young (4096K), 4 survivors (4096K)
 Metaspace       used 18416K, capacity 19021K, committed 19200K, reserved 1067008K
  class space    used 2052K, capacity 2253K, committed 2304K, reserved 1048576K
}
Event: 1.177 GC heap before
{Heap before GC invocations=4 (full 0):
 garbage-first heap   total 131072K, used 42076K [0x0000000081e00000, 0x0000000100000000)
  region size 1024K, 24 young (24576K), 4 survivors (4096K)
 Metaspace       used 20472K, capacity 21101K, committed 21248K, reserved 1067008K
  class space    used 2475K, capacity 2716K, committed 2816K, reserved 1048576K
}
Event: 1.181 GC heap after
{Heap after GC invocations=5 (full 0):
 garbage-first heap   total 157696K, used 23158K [0x0000000081e00000, 0x0000000100000000)
  region size 1024K, 4 young (4096K), 4 survivors (4096K)
 Metaspace       used 20472K, capacity 21101K, committed 21248K, reserved 1067008K
  class space    used 2475K, capacity 2716K, committed 2816K, reserved 1048576K
}
Event: 1.679 GC heap before
{Heap before GC invocations=6 (full 0):
 garbage-first heap   total 157696K, used 112246K [0x0000000081e00000, 0x0000000100000000)
  region size 1024K, 92 young (94208K), 4 survivors (4096K)
 Metaspace       used 29347K, capacity 30250K, committed 30336K, reserved 1075200K
  class space    used 3593K, capacity 3961K, committed 3968K, reserved 1048576K
}
Event: 1.686 GC heap after
{Heap after GC invocations=7 (full 0):
 garbage-first heap   total 157696K, used 30403K [0x0000000081e00000, 0x0000000100000000)
  region size 1024K, 11 young (11264K), 11 survivors (11264K)
 Metaspace       used 29347K, capacity 30250K, committed 30336K, reserved 1075200K
  class space    used 3593K, capacity 3961K, committed 3968K, reserved 1048576K
}
Event: 2.140 GC heap before
{Heap before GC invocations=7 (full 0):
 garbage-first heap   total 157696K, used 99011K [0x0000000081e00000, 0x0000000100000000)
  region size 1024K, 79 young (80896K), 11 survivors (11264K)
 Metaspace       used 32403K, capacity 33394K, committed 33664K, reserved 1079296K
  class space    used 4057K, capacity 4448K, committed 4480K, reserved 1048576K
}
Event: 2.149 GC heap after
{Heap after GC invocations=8 (full 0):
 garbage-first heap   total 157696K, used 32571K [0x0000000081e00000, 0x0000000100000000)
  region size 1024K, 3 young (3072K), 3 survivors (3072K)
 Metaspace       used 32403K, capacity 33394K, committed 33664K, reserved 1079296K
  class space    used 4057K, capacity 4448K, committed 4480K, reserved 1048576K
}
Event: 2.522 GC heap before
{Heap before GC invocations=8 (full 0):
 garbage-first heap   total 157696K, used 99131K [0x0000000081e00000, 0x0000000100000000)
  region size 1024K, 69 young (70656K), 3 survivors (3072K)
 Metaspace       used 34745K, capacity 35805K, committed 35840K, reserved 1081344K
  class space    used 4392K, capacity 4836K, committed 4864K, reserved 1048576K
}
Event: 2.526 GC heap after
{Heap after GC invocations=9 (full 0):
 garbage-first heap   total 157696K, used 34873K [0x0000000081e00000, 0x0000000100000000)
  region size 1024K, 5 young (5120K), 5 survivors (5120K)
 Metaspace       used 34745K, capacity 35805K, committed 35840K, reserved 1081344K
  class space    used 4392K, capacity 4836K, committed 4864K, reserved 1048576K
}

